[2018-10-31 11:49:17]: 日志文件: logs\2018-10-31.log
[2018-10-31 11:49:17]: 配置文件已经存在(conf\book.conf)
[2018-10-31 11:49:17]: check and init config result: 1
[2018-10-31 11:49:17]: run Do
[2018-10-31 11:49:17]: 正在获取所有标签对应的url...
[2018-10-31 11:49:17]: 配置文件中读取到的配置有: {
   "p_category_name": "计算机/网络",
   "c_category_name": "[图形图像多媒体, 程序设计, 网络与数据通信, 数据库, 家庭与办公室用书, 操作系统/系统开发, 信息安全, CADCAMCAE, 软件工程/开发项目管理, 计算机考试认证, 行业软件及应用, 项目管理IT人文, 企业软件开发与实施, 硬件外部设备维修, 影印版, 计算机体系结构, 计算机理论, 电脑杂志——合订本, 数码全攻略, 计算机教材, 人工智能, 移动开发, 管理信息系统(MIS), 地理信息管理系统（GIS), 英文原版书-计算机]",
   "c_category_label": "a",
   "sleep_time": "5",
   "save_path": "output/",
   "html_url": "http://category.dangdang.com/cp01.54.00.00.00.00.html",
   "c_category_key": "title"
}
[2018-10-31 11:49:17]: 正在请求页面[http://category.dangdang.com/cp01.54.00.00.00.00.html]
[2018-10-31 11:49:17]: Server: nginx/1.2.0
Date: Wed, 31 Oct 2018 03:49:20 GMT
Content-Type: text/html; charset=gb2312
Transfer-Encoding: chunked
Connection: close
X-Powered-By: PHP/5.2.10
Set-Cookie: __permanent_id=20181031114920733313662494577084184; expires=Thu, 29-Oct-2026 03:49:20 GMT; path=/; domain=dangdang.com


[2018-10-31 11:49:17]: response url:[http://category.dangdang.com/cp01.54.00.00.00.00.html]
[2018-10-31 11:49:17]: 请求成功---耗时: 0.283s
[2018-10-31 11:49:17]: 爬取到[title=图形图像多媒体]的[a]标签如: <a href="/cp01.54.08.00.00.00.html" title="图形图像多媒体"><em></em>图形图像多媒体</a>
[2018-10-31 11:49:18]: 爬取到[title=程序设计]的[a]标签如: <a href="/cp01.54.06.00.00.00.html" title="程序设计"><em></em>程序设计</a>
[2018-10-31 11:49:18]: 爬取到[title=网络与数据通信]的[a]标签如: <a href="/cp01.54.07.00.00.00.html" title="网络与数据通信"><em></em>网络与数据通信</a>
[2018-10-31 11:49:18]: 爬取到[title=数据库]的[a]标签如: <a href="/cp01.54.05.00.00.00.html" title="数据库"><em></em>数据库</a>
[2018-10-31 11:49:18]: 爬取到[title=家庭与办公室用书]的[a]标签如: <a href="/cp01.54.13.00.00.00.html" title="家庭与办公室用书"><em></em>家庭与办公室用书</a>
[2018-10-31 11:49:18]: 爬取到[title=操作系统/系统开发]的[a]标签如: <a href="/cp01.54.04.00.00.00.html" title="操作系统/系统开发"><em></em>操作系统/系统开发</a>
[2018-10-31 11:49:18]: 爬取到[title=信息安全]的[a]标签如: <a href="/cp01.54.19.00.00.00.html" title="信息安全"><em></em>信息安全</a>
[2018-10-31 11:49:19]: 爬取到[title=CADCAMCAE]的[a]标签如: <a href="/cp01.54.09.00.00.00.html" title="CADCAMCAE"><em></em>CADCAMCAE</a>
[2018-10-31 11:49:19]: 爬取到[title=软件工程/开发项目管理]的[a]标签如: <a href="/cp01.54.10.00.00.00.html" title="软件工程/开发项目管理"><em></em>软件工程/开发项目管理</a>
[2018-10-31 11:49:19]: 爬取到[title=计算机考试认证]的[a]标签如: <a href="/cp01.54.14.00.00.00.html" title="计算机考试认证"><em></em>计算机考试认证</a>
[2018-10-31 11:49:19]: 爬取到[title=行业软件及应用]的[a]标签如: <a href="/cp01.54.11.00.00.00.html" title="行业软件及应用"><em></em>行业软件及应用</a>
[2018-10-31 11:49:19]: 爬取到[title=项目管理IT人文]的[a]标签如: <a href="/cp01.54.20.00.00.00.html" title="项目管理IT人文"><em></em>项目管理IT人文</a>
[2018-10-31 11:49:19]: 爬取到[title=企业软件开发与实施]的[a]标签如: <a href="/cp01.54.18.00.00.00.html" title="企业软件开发与实施"><em></em>企业软件开发与实施</a>
[2018-10-31 11:49:19]: 爬取到[title=硬件外部设备维修]的[a]标签如: <a href="/cp01.54.03.00.00.00.html" title="硬件外部设备维修"><em></em>硬件外部设备维修</a>
[2018-10-31 11:49:20]: 爬取到[title=影印版]的[a]标签如: <a href="/cp01.54.24.00.00.00.html" title="影印版"><em></em>影印版</a>
[2018-10-31 11:49:20]: 爬取到[title=计算机体系结构]的[a]标签如: <a href="/cp01.54.22.00.00.00.html" title="计算机体系结构"><em></em>计算机体系结构</a>
[2018-10-31 11:49:20]: 爬取到[title=计算机理论]的[a]标签如: <a href="/cp01.54.02.00.00.00.html" title="计算机理论"><em></em>计算机理论</a>
[2018-10-31 11:49:20]: 爬取到[title=电脑杂志——合订本]的[a]标签如: None
[2018-10-31 11:49:20]: 未从页面中爬取到[title=电脑杂志——合订本]的a标签内容, strFullUrl=none
[2018-10-31 11:49:20]: 爬取到[title=数码全攻略]的[a]标签如: <a href="/cp01.54.23.00.00.00.html" title="数码全攻略"><em></em>数码全攻略</a>
[2018-10-31 11:49:20]: 爬取到[title=计算机教材]的[a]标签如: <a href="/cp01.54.26.00.00.00.html" title="计算机教材"><em></em>计算机教材</a>

[2018-10-31 13:34:22]: 爬取到[name=P_cbs]的[a]标签如: <a dd_name="单品出版社" href="http://search.dangdang.com/?key=&amp;key3=%CE%F7%B0%B2%B5%E7%D7%D3%BF%C6%BC%BC%B4%F3%D1%A7%B3%F6%B0%E6%C9%E7&amp;medium=01&amp;category_path=01.00.00.00.00.00" name="P_cbs" title="西安电子科技大学出版社">西安电子科技大学出版社</a>
[2018-10-31 13:34:22]: 爬取到[class=search_book_author]的[p]标签如: <p class="search_book_author"><span><a dd_name="单品作者" href="http://search.dangdang.com/?key2=卫红春&amp;medium=01&amp;category_path=01.00.00.00.00.00" name="itemlist-author" title="卫红春 主编">卫红春</a> 主编</span><span> /2003-05-01</span><span>  /<a dd_name="单品出版社" href="http://search.dangdang.com/?key=&amp;key3=%CE%F7%B0%B2%B5%E7%D7%D3%BF%C6%BC%BC%B4%F3%D1%A7%B3%F6%B0%E6%C9%E7&amp;medium=01&amp;category_path=01.00.00.00.00.00" name="P_cbs" title="西安电子科技大学出版社">西安电子科技大学出版社</a></span><div class="shop_button"><p class="bottom_p"><a class="search_btn_collect" dd_name="加入收藏" ddclick="act=normalResult_favor&amp;pos=9342152_59_0_p" href="javascript:void(0);" id="lcase9342152" name="Sc">收藏</a></p></div> </p>
[2018-10-31 13:34:22]: {'commentLevel': '0%', 'commentNum': '0条评论', 'prePrice': '¥22.00', 'nowPrice': '¥16.50', 'disCount': '\xa0(7.5折) ', 'bookPublishHouse': '西安电子科技大学出版社', 'bookName': ' 信息系统分析与设计', 'bookHref': 'http://product.dangdang.com/9342152.html', 'bookAuthor': '卫红春', 'bookPicUrl': 'http://img3m2.ddimg.cn/17/22/9342152-1_b_0.jpg', 'bookPublishTime': ' 2003-05-01'}
[2018-10-31 13:34:22]: 此页面[strUrl=http://category.dangdang.com/pg100-cp01.54.02.00.00.00.html]有15本书的信息未爬全
[2018-10-31 13:34:22]: 此页面[strUrl=http://category.dangdang.com/pg100-cp01.54.02.00.00.00.html]的图书信息抓取完成1.305s
[2018-10-31 13:34:22]: 配置文件中读取到的配置有: {
   "c_category_label": "a",
   "save_path": "output/",
   "c_category_name": "[计算机理论, 电脑杂志——合订本]",
   "p_category_name": "计算机/网络",
   "html_url": "http://category.dangdang.com/cp01.54.00.00.00.00.html",
   "c_category_key": "title",
   "sleep_time": "5"
}
[2018-10-31 13:34:22]: 当前页面[strPageName=计算机理论, intPageNum=100, strUrl=http://category.dangdang.com/pg100-cp01.54.02.00.00.00.html]写入完成
[2018-10-31 13:34:22]: 保存文件路径为: output/计算机网络\计算机理论\100.json
[2018-10-31 13:34:22]: [strPageName=计算机理论]的第100页信息已爬取完成
[2018-10-31 13:34:22]: 存在15本图书信息未完全获取
[2018-10-31 13:34:22]: 爬取到[title=下一页]的[a]标签如: None
[2018-10-31 13:34:22]: 此页面未发现下一页[strUrl=http://category.dangdang.com/pg100-cp01.54.02.00.00.00.html]
[2018-10-31 13:34:22]: [strPageName=计算机理论]的页面此时已无下一页,[intPageNum=100]
[2018-10-31 13:34:22]: [strPageName=计算机理论]的100张页面信息抓取完成, ---耗时: 2.102s(0.035min)
[2018-10-31 13:34:22]: 为找到[strPageName=电脑杂志——合订本,intPageNum=1]页面的url
[2018-10-31 13:34:22]: [程序只需完成, ---总耗时: 223.39s(3.7232min)
